*** Using Compiler 'V5.06 update 1 (build 61)', folder: 'F:\keil\ARM\ARMCC\Bin'
Build target 'Chassis'
assembling startup_stm32f407xx.s...
compiling tim.c...
compiling stm32f4xx_hal_pcd.c...
compiling stm32f4xx_hal_msp.c...
compiling dma.c...
compiling gpio.c...
compiling can.c...
../USER/Task/chassis.h(6): warning:  #1295-D: Deprecated declaration Yaw_Diff - give arg types
  void Yaw_Diff();
../USER/Task/chassis.h(7): warning:  #1295-D: Deprecated declaration supercap - give arg types
  void supercap();
../USER/Task/chassis.h(8): warning:  #1-D: last line of file ends without a newline
  #endif
../Core/Src/can.c: 3 warnings, 0 errors
compiling stm32f4xx_it.c...
../Core/Inc/stm32f4xx_it.h(78): warning:  #1295-D: Deprecated declaration datapy - give arg types
  void datapy();
../USER/DriverLayer/drv_usart.h(18): warning:  #1-D: last line of file ends without a newline
  #endif
../USER/Task/chassis.h(8): warning:  #1-D: last line of file ends without a newline
  #endif
../USER/Task/chassis.h(6): warning:  #1295-D: Deprecated declaration Yaw_Diff - give arg types
  void Yaw_Diff();
../USER/Task/chassis.h(7): warning:  #1295-D: Deprecated declaration supercap - give arg types
  void supercap();
../USER/Task/chassis.h(8): warning:  #1-D: last line of file ends without a newline
  #endif
../Core/Src/stm32f4xx_it.c(358): warning:  #167-D: argument of type "uint8_t *" is incompatible with parameter of type "char *"
  		    parse_data(rx_buffer_c);
../Core/Src/stm32f4xx_it.c: 7 warnings, 0 errors
compiling usart.c...
compiling stm32f4xx_hal_timebase_tim.c...
compiling spi.c...
compiling i2c.c...
compiling main.c...
../USER/Task/chassis.h(6): warning:  #1295-D: Deprecated declaration Yaw_Diff - give arg types
  void Yaw_Diff();
../USER/Task/chassis.h(7): warning:  #1295-D: Deprecated declaration supercap - give arg types
  void supercap();
../USER/Task/chassis.h(8): warning:  #1-D: last line of file ends without a newline
  #endif
../USER/DriverLayer/drv_usart.h(18): warning:  #1-D: last line of file ends without a newline
  #endif
../USER/DriverLayer/user_can.h(5): warning:  #1295-D: Deprecated declaration CAN1_Init - give arg types
  void CAN1_Init();
../USER/DriverLayer/user_can.h(6): warning:  #1295-D: Deprecated declaration CAN2_Init - give arg types
  void CAN2_Init();
../USER/DriverLayer/user_can.h(24): warning:  #1-D: last line of file ends without a newline
  #endif
../USER/PotocaLayer/communication.h(13): warning:  #1-D: last line of file ends without a newline
  #endif
../Core/Src/main.c: 8 warnings, 0 errors
compiling freertos.c...
../USER/Task/chassis.h(8): warning:  #1-D: last line of file ends without a newline
  #endif
../USER/Task/chassis.h(6): warning:  #1295-D: Deprecated declaration Yaw_Diff - give arg types
  void Yaw_Diff();
../USER/Task/chassis.h(7): warning:  #1295-D: Deprecated declaration supercap - give arg types
  void supercap();
../USER/Task/chassis.h(8): warning:  #1-D: last line of file ends without a newline
  #endif
../USER/DriverLayer/drv_can.h(13): warning:  #1-D: last line of file ends without a newline
  #endif
../USER/PotocaLayer/rc_potocal.h(55): warning:  #1-D: last line of file ends without a newline
  #endif
../Core/Inc/yaw_task.h(9): warning:  #1-D: last line of file ends without a newline
  #endif
../Core/Inc/yaw_task.h(8): warning:  #1295-D: Deprecated declaration gimbal_task - give arg types
  void gimbal_task();
../Core/Inc/yaw_task.h(9): warning:  #1-D: last line of file ends without a newline
  #endif
../Core/Inc/NRF24L01.h(116): warning:  #1-D: last line of file ends without a newline
  #endif
../Core/Src/freertos.c(120): warning:  #144-D: a value of type "void (*)(void)" cannot be used to initialize an entity of type "os_pthread"
  	  
sThreadDef(dcx,DCX_TASK,osPriorityNormal,0,512);
../Core/Src/freertos.c: 11 warnings, 0 errors
compiling stm32f4xx_hal_flash.c...
compiling stm32f4xx_hal_pcd_ex.c...
compiling stm32f4xx_hal_flash_ramfunc.c...
compiling stm32f4xx_hal_flash_ex.c...
compiling stm32f4xx_hal_pwr.c...
compiling stm32f4xx_hal_dma_ex.c...
compiling stm32f4xx_hal_pwr_ex.c...
compiling stm32f4xx_hal_dma.c...
compiling stm32f4xx_hal_rcc.c...
compiling stm32f4xx_hal_cortex.c...
compiling stm32f4xx_hal_gpio.c...
compiling stm32f4xx_hal_rcc_ex.c...
compiling stm32f4xx_ll_usb.c...
compiling croutine.c...
compiling event_groups.c...
compiling list.c...
compiling queue.c...
compiling stream_buffer.c...
compiling timers.c...
compiling tasks.c...
compiling heap_4.c...
compiling cmsis_os.c...
compiling port.c...
compiling stm32f4xx_hal.c...
compiling stm32f4xx_hal_exti.c...
compiling system_stm32f4xx.c...
compiling stm32f4xx_hal_i2c_ex.c...
compiling stm32f4xx_hal_can.c...
compiling handle_value.c...
../USER/Task/chassis.h(8): warning:  #1-D: last line of file ends without a newline
  #endif
../USER/Task/chassis.h(6): warning:  #1295-D: Deprecated declaration Yaw_Diff - give arg types
  void Yaw_Diff();
../USER/Task/chassis.h(7): warning:  #1295-D: Deprecated declaration supercap - give arg types
  void supercap();
../USER/Task/chassis.h(8): warning:  #1-D: last line of file ends without a newline
  #endif
../USER/DriverLayer/drv_can.h(13): warning:  #1-D: last line of file ends without a newline
  #endif
../USER/PotocaLayer/rc_potocal.h(55): warning:  #1-D: last line of file ends without a newline
  #endif
..\USER\handle_value.h(8): warning:  #1-D: last line of file ends without a newline
  #endif
..\USER\handle_value.c(12): warning:  #1035-D: single-precision operand implicitly converted to double-precision
  		alpha = alpha * 180 / 
I; //寰??瑙?搴?
..\USER\handle_value.c(17): warning:  #1035-D: single-precision operand implicitly converted to double-precision
  		alpha = alpha * 180 / 
I;
..\USER\handle_value.c(23): warning:  #1035-D: single-precision operand implicitly converted to double-precision
  		alpha = alpha * 180 / 
I;
..\USER\handle_value.c(43): warning:  #940-D: missing return statement at end of non-void function "remote_value"
  }
..\USER\handle_value.c(73): warning:  #1-D: last line of file ends without a newline
  }
..\USER\handle_value.c(73): warning:  #940-D: missing return statement at end of non-void function "motor_value"
  }
..\USER\handle_value.c: 13 warnings, 0 errors
compiling communication.c...
..\USER\PotocaLayer\communication.h(13): warning:  #1-D: last line of file ends without a newline
  #endif
..\USER\PotocaLayer\communication.c(27): warning:  #1-D: last line of file ends without a newline
  //}
..\USER\PotocaLayer\communication.c: 2 warnings, 0 errors
compiling stm32f4xx_hal_tim_ex.c...
compiling stm32f4xx_hal_uart.c...
compiling stm32f4xx_hal_spi.c...
compiling rc_potocal.c...
../USER/Task/chassis.h(8): warning:  #1-D: last line of file ends without a newline
  #endif
../USER/Task/chassis.h(6): warning:  #1295-D: Deprecated declaration Yaw_Diff - give arg types
  void Yaw_Diff();
../USER/Task/chassis.h(7): warning:  #1295-D: Deprecated declaration supercap - give arg types
  void supercap();
../USER/Task/chassis.h(8): warning:  #1-D: last line of file ends without a newline
  #endif
../USER/DriverLayer/drv_can.h(13): warning:  #1-D: last line of file ends without a newline
  #endif
..\USER\PotocaLayer\rc_potocal.h(55): warning:  #1-D: last line of file ends without a newline
  #endif
../USER/DriverLayer/user_can.h(5): warning:  #1295-D: Deprecated declaration CAN1_Init - give arg types
  void CAN1_Init();
../USER/DriverLayer/user_can.h(6): warning:  #1295-D: Deprecated declaration CAN2_Init - give arg types
  void CAN2_Init();
../USER/DriverLayer/user_can.h(24): warning:  #1-D: last line of file ends without a newline
  #endif
../Core/Inc/NRF24L01.h(116): warning:  #1-D: last line of file ends without a newline
  #endif
..\USER\PotocaLayer\rc_potocal.c(82): warning:  #223-D: function "memcpy" declared implicitly
  		memcpy(&temp_remote1[0],&pitch16,2);
..\USER\PotocaLayer\rc_potocal.c(147): warning:  #1-D: last line of file ends without a newline
  }
..\USER\PotocaLayer\rc_potocal.c: 12 warnings, 0 errors
compiling stm32f4xx_hal_i2c.c...
compiling stm32f4xx_hal_tim.c...
compiling CRC.c...
..\USER\CRC.c(147): warning:  #1-D: last line of file ends without a newline
  }
..\USER\CRC.c: 1 warning, 0 errors
compiling user_can.c...
..\USER\DriverLayer\user_can.h(5): warning:  #1295-D: Deprecated declaration CAN1_Init - give arg types
  void CAN1_Init();
..\USER\DriverLayer\user_can.h(6): warning:  #1295-D: Deprecated declaration CAN2_Init - give arg types
  void CAN2_Init();
..\USER\DriverLayer\user_can.h(24): warning:  #1-D: last line of file ends without a newline
  #endif
../Core/Inc/yaw_task.h(9): warning:  #1-D: last line of file ends without a newline
  #endif
../Core/Inc/yaw_task.h(8): warning:  #1295-D: Deprecated declaration gimbal_task - give arg types
  void gimbal_task();
../Core/Inc/yaw_task.h(9): warning:  #1-D: last line of file ends without a newline
  #endif
..\USER\DriverLayer\user_can.c: 6 warnings, 0 errors
compiling judge.c...
../USER/DriverLayer/drv_usart.h(18): warning:  #1-D: last line of file ends without a newline
  #endif
..\USER\PotocaLayer\judge.h(280): warning:  #1-D: last line of file ends without a newline
  #endif
..\USER\PotocaLayer\judge.c(22): warning:  #1295-D: Deprecated declaration Update_data - give arg types
  void Update_data();//定??一些??要?玫降谋?量并实时??????值方???????募???
..\USER\PotocaLayer\judge.c(33): warning:  #167-D: argument of type "volatile uint8_t *" is incompatible with parameter of type "unsigned char *"
              if(Verify_CRC8_Check_Sum(&databuffer[pos],5))
..\USER\PotocaLayer\judge.c(40): warning:  #167-D: argument of type "volatile uint8_t *" is incompatible with parameter of type "uint8_t *"
              if(Verify_CRC16_Check_Sum(&databuffer[pos],data_length+9))
..\USER\PotocaLayer\judge.c(49): warning:  #223-D: function "memcpy" declared implicitly
                          memcpy((void*)(&Judge_Hero.status), (const void*)(&databuffer[pos+7]), data_length);
..\USER\PotocaLayer\judge.c(196): warning:  #1-D: last line of file ends without a newline
  }
..\USER\PotocaLayer\judge.c: 7 warnings, 0 errors
compiling motion_overlay.c...
..\USER\motion_overlay.h(11): warning:  #1295-D: Deprecated declaration rotate_6020 - give arg types
  void rotate_6020();
..\USER\motion_overlay.h(13): warning:  #1-D: last line of file ends without a newline
  #endif
..\USER\handle_value.h(8): warning:  #1-D: last line of file ends without a newline
  #endif
../USER/Task/chassis.h(8): warning:  #1-D: last line of file ends without a newline
  #endif
../USER/Task/chassis.h(6): warning:  #1295-D: Deprecated declaration Yaw_Diff - give arg types
  void Yaw_Diff();
../USER/Task/chassis.h(7): warning:  #1295-D: Deprecated declaration supercap - give arg types
  void supercap();
../USER/Task/chassis.h(8): warning:  #1-D: last line of file ends without a newline
  #endif
..\USER\motion_overlay.c(130): warning:  #1-D: last line of file ends without a newline
  //}
..\USER\motion_overlay.c: 8 warnings, 0 errors
compiling user_pid.c...
..\USER\DriverLayer\user_pid.h(20): warning:  #1-D: last line of file ends without a newline
  #endif
..\USER\DriverLayer\user_pid.c(79): warning:  #1-D: last line of file ends without a newline
  }
..\USER\DriverLayer\user_pid.c: 2 warnings, 0 errors
compiling channel_changes.c...
..\USER\Control\channel_changes.h(4): warning:  #1295-D: Deprecated declaration translational_control - give arg types
  void translational_control();
..\USER\Control\channel_changes.h(5): warning:  #1295-D: Deprecated declaration compound_control - give arg types
  void compound_control();
..\USER\Control\channel_changes.h(6): warning:  #1295-D: Deprecated declaration rotate_control - give arg types
  void rotate_control();
..\USER\Control\channel_changes.h(7): warning:  #1-D: last line of file ends without a newline
  #endif
../USER/Task/chassis.h(8): warning:  #1-D: last line of file ends without a newline
  #endif
../USER/Task/chassis.h(6): warning:  #1295-D: Deprecated declaration Yaw_Diff - give arg types
  void Yaw_Diff();
../USER/Task/chassis.h(7): warning:  #1295-D: Deprecated declaration supercap - give arg types
  void supercap();
../USER/Task/chassis.h(8): warning:  #1-D: last line of file ends without a newline
  #endif
../USER/DriverLayer/drv_can.h(13): warning:  #1-D: last line of file ends without a newline
  #endif
../USER/PotocaLayer/rc_potocal.h(55): warning:  #1-D: last line of file ends without a newline
  #endif
../USER/motion_overlay.h(11): warning:  #1295-D: Deprecated declaration rotate_6020 - give arg types
  void rotate_6020();
../USER/motion_overlay.h(13): warning:  #1-D: last line of file ends without a newline
  #endif
../USER/handle_value.h(8): warning:  #1-D: last line of file ends without a newline
  #endif
../USER/DriverLayer/user_can.h(5): warning:  #1295-D: Deprecated declaration CAN1_Init - give arg types
  void CAN1_Init();
../USER/DriverLayer/user_can.h(6): warning:  #1295-D: Deprecated declaration CAN2_Init - give arg types
  void CAN2_Init();
../USER/DriverLayer/user_can.h(24): warning:  #1-D: last line of file ends without a newline
  #endif
../USER/DriverLayer/user_pid.h(20): warning:  #1-D: last line of file ends without a newline
  #endif
../Core/Inc/NRF24L01.h(116): warning:  #1-D: last line of file ends without a newline
  #endif
..\USER\Control\channel_changes.c(106): warning:  #223-D: function "fabs" declared implicitly
  						fabs(output_3508[0]-motor[0].speed)+
..\USER\Control\channel_changes.c(185): warning:  #1035-D: single-precision operand implicitly converted to double-precision
  	yaw_err += 0.01916; 
..\USER\Control\channel_changes.c(308): warning:  #1035-D: single-precision operand implicitly converted to double-precision
  	yaw_err += 0.01916; 
..\USER\Control\channel_changes.c(322): warning:  #1035-D: single-precision operand implicitly converted to double-precision
  	yaw_err += 0.01916; 
..\USER\Control\channel_changes.c(348): warning:  #1-D: last line of file ends without a newline
  /****************************************************************************************************************************/
..\USER\Control\channel_changes.c: 23 warnings, 0 errors
compiling drv_usart.c...
..\USER\DriverLayer\drv_usart.h(18): warning:  #1-D: last line of file ends without a newline
  #endif
../USER/Task/chassis.h(8): warning:  #1-D: last line of file ends without a newline
  #endif
../USER/Task/chassis.h(6): warning:  #1295-D: Deprecated declaration Yaw_Diff - give arg types
  void Yaw_Diff();
../USER/Task/chassis.h(7): warning:  #1295-D: Deprecated declaration supercap - give arg types
  void supercap();
../USER/Task/chassis.h(8): warning:  #1-D: last line of file ends without a newline
  #endif
../USER/DriverLayer/drv_can.h(13): warning:  #1-D: last line of file ends without a newline
  #endif
../USER/PotocaLayer/rc_potocal.h(55): warning:  #1-D: last line of file ends without a newline
  #endif
../USER/PotocaLayer/judge.h(280): warning:  #1-D: last line of file ends without a newline
  #endif
..\USER\DriverLayer\drv_usart.c: 8 warnings, 0 errors
compiling NRF24L01.c...
../Core/Inc/NRF24L01.h(116): warning:  #1-D: last line of file ends without a newline
  #endif
..\WXD\NRF24L01.c(37): warning:  #223-D: function "memcpy" declared implicitly
  		memcpy(&yaw1,&TxData[1],4);
..\WXD\NRF24L01.c(45): warning:  #223-D: function "datapy" declared implicitly
  datapy();
..\WXD\NRF24L01.c(47): warning:  #223-D: function "osDelay" declared implicitly
  	osDelay(1);
..\WXD\NRF24L01.c(273): warning:  #1-D: last line of file ends without a newline
   
..\WXD\NRF24L01.c: 5 warnings, 0 errors
compiling yaw_task.c...
../USER/Task/chassis.h(8): warning:  #1-D: last line of file ends without a newline
  #endif
../USER/Task/chassis.h(6): warning:  #1295-D: Deprecated declaration Yaw_Diff - give arg types
  void Yaw_Diff();
../USER/Task/chassis.h(7): warning:  #1295-D: Deprecated declaration supercap - give arg types
  void supercap();
../USER/Task/chassis.h(8): warning:  #1-D: last line of file ends without a newline
  #endif
../USER/DriverLayer/drv_can.h(13): warning:  #1-D: last line of file ends without a newline
  #endif
../USER/PotocaLayer/rc_potocal.h(55): warning:  #1-D: last line of file ends without a newline
  #endif
../Core/Inc/yaw_task.h(9): warning:  #1-D: last line of file ends without a newline
  #endif
../Core/Inc/yaw_task.h(8): warning:  #1295-D: Deprecated declaration gimbal_task - give arg types
  void gimbal_task();
../Core/Inc/yaw_task.h(9): warning:  #1-D: last line of file ends without a newline
  #endif
../USER/DriverLayer/user_can.h(5): warning:  #1295-D: Deprecated declaration CAN1_Init - give arg types
  void CAN1_Init();
../USER/DriverLayer/user_can.h(6): warning:  #1295-D: Deprecated declaration CAN2_Init - give arg types
  void CAN2_Init();
../USER/DriverLayer/user_can.h(24): warning:  #1-D: last line of file ends without a newline
  #endif
yaw_task.c(57): warning:  #1035-D: single-precision operand implicitly converted to double-precision
           motor_gimbal[0].target_angle += 0.1;
yaw_task.c(61): warning:  #1035-D: single-precision operand implicitly converted to double-precision
           motor_gimbal[0].target_angle -= 0.1;
yaw_task.c(65): warning:  #1035-D: single-precision operand implicitly converted to double-precision
           motor_gimbal[1].target_angle += 0.1;
yaw_task.c(69): warning:  #1035-D: single-precision operand implicitly converted to double-precision
           motor_gimbal[1].target_angle -= 0.1;
yaw_task.c(139): warning:  #223-D: function "gb6020_send" declared implicitly
         gb6020_send(1,motor_gimbal[0].sendspeed, 0,0,0);
yaw_task.c(142): warning:  #223-D: function "osDelay" declared implicitly
          osDelay(1);
yaw_task.c(144): warning:  #1-D: last line of file ends without a newline
  }
yaw_task.c: 19 warnings, 0 errors
compiling BMI088driver.c...
compiling bsp_delay.c...
compiling chassis.c...
../USER/Task/chassis.h(6): warning:  #1295-D: Deprecated declaration Yaw_Diff - give arg types
  void Yaw_Diff();
../USER/Task/chassis.h(7): warning:  #1295-D: Deprecated declaration supercap - give arg types
  void supercap();
../USER/Task/chassis.h(8): warning:  #1-D: last line of file ends without a newline
  #endif
../USER/DriverLayer/user_can.h(5): warning:  #1295-D: Deprecated declaration CAN1_Init - give arg types
  void CAN1_Init();
../USER/DriverLayer/user_can.h(6): warning:  #1295-D: Deprecated declaration CAN2_Init - give arg types
  void CAN2_Init();
../USER/DriverLayer/user_can.h(24): warning:  #1-D: last line of file ends without a newline
  #endif
../USER/DriverLayer/user_pid.h(20): warning:  #1-D: last line of file ends without a newline
  #endif
../USER/DriverLayer/drv_can.h(13): warning:  #1-D: last line of file ends without a newline
  #endif
../USER/PotocaLayer/rc_potocal.h(55): warning:  #1-D: last line of file ends without a newline
  #endif
../USER/handle_value.h(8): warning:  #1-D: last line of file ends without a newline
  #endif
../USER/motion_overlay.h(11): warning:  #1295-D: Deprecated declaration rotate_6020 - give arg types
  void rotate_6020();
../USER/motion_overlay.h(13): warning:  #1-D: last line of file ends without a newline
  #endif
../USER/Control/channel_changes.h(4): warning:  #1295-D: Deprecated declaration translational_control - give arg types
  void translational_control();
../USER/Control/channel_changes.h(5): warning:  #1295-D: Deprecated declaration compound_control - give arg types
  void compound_control();
../USER/Control/channel_changes.h(6): warning:  #1295-D: Deprecated declaration rotate_control - give arg types
  void rotate_control();
../USER/Control/channel_changes.h(7): warning:  #1-D: last line of file ends without a newline
  #endif
..\USER\Task\chassis.c(49): warning:  #1035-D: single-precision operand implicitly converted to double-precision
  	error_theta = error_theta*3.1415926/180; //杞??涓?寮?搴??
..\USER\Task\chassis.c(128): warning:  #1-D: last line of file ends without a newline
  }
..\USER\Task\chassis.c: 18 warnings, 0 errors
compiling BMI088Middleware.c...
compiling bsp_imu_pwm.c...
compiling bsp_spi.c...
compiling pid.c...
compiling usb_device.c...
compiling usbd_ioreq.c...
compiling usbd_core.c...
compiling usbd_cdc_if.c...
../USER/Task/chassis.h(8): warning:  #1-D: last line of file ends without a newline
  #endif
../USER/Task/chassis.h(6): warning:  #1295-D: Deprecated declaration Yaw_Diff - give arg types
  void Yaw_Diff();
../USER/Task/chassis.h(7): warning:  #1295-D: Deprecated declaration supercap - give arg types
  void supercap();
../USER/Task/chassis.h(8): warning:  #1-D: last line of file ends without a newline
  #endif
../USB_DEVICE/App/usbd_cdc_if.c: 4 warnings, 0 errors
compiling usbd_desc.c...
compiling usbd_ctlreq.c...
compiling usbd_conf.c...
compiling usbd_cdc.c...
compiling INS_task.c...
..\USER\Task\INS_Task\ins_task\INS_task.c(250): warning:  #1035-D: single-precision operand implicitly converted to double-precision
      *yaw = atan2f(2.0f*(q[0]*q[3]+q[1]*q[2]), 2.0f*(q[0]*q[0]+q[1]*q[1])-1.0f) *57.3;
..\USER\Task\INS_Task\ins_task\INS_task.c(251): warning:  #1035-D: single-precision operand implicitly converted to double-precision
      *pitch = asinf(-2.0f*(q[1]*q[3]-q[0]*q[2])) *57.3;
..\USER\Task\INS_Task\ins_task\INS_task.c(252): warning:  #1035-D: single-precision operand implicitly converted to double-precision
      *roll = atan2f(2.0f*(q[0]*q[1]+q[2]*q[3]),2.0f*(q[0]*q[0]+q[3]*q[3])-1.0f) *57.3;
..\USER\Task\INS_Task\ins_task\INS_task.c(261): warning:  #1035-D: single-precision operand implicitly converted to double-precision
  	   gyrooffset[0]-=bmi088_real_data.gyro[0]*0.00005;
..\USER\Task\INS_Task\ins_task\INS_task.c(262): warning:  #1035-D: single-precision operand implicitly converted to double-precision
  		 gyrooffset[1]-=bmi088_real_data.gyro[1]*0.00005;
..\USER\Task\INS_Task\ins_task\INS_task.c(263): warning:  #1035-D: single-precision operand implicitly converted to double-precision
  		 gyrooffset[2]-=bmi088_real_data.gyro[2]*0.00005;
..\USER\Task\INS_Task\ins_task\INS_task.c(134): warning:  #177-D: variable "timing_time" was declared but never referenced
  static const float timing_time = 0.001f;   //tast run time , unit s.???????械?时?? 单位 s
..\USER\Task\INS_Task\ins_task\INS_task.c: 7 warnings, 0 errors
linking...
Program Size: Code=53872 RO-data=2124 RW-data=880 ZI-data=36120  
FromELF: creating hex file...
"Chassis\Chassis.axf" - 0 Error(s), 164 Warning(s).
Build Time Elapsed:  00:00:12
